<?xml version="1.0" encoding="UTF-8"?>
<testsuite xmlns:xsi="http://www.w3.org/2001/XMLSchema-instance" xsi:noNamespaceSchemaLocation="https://maven.apache.org/surefire/maven-surefire-plugin/xsd/surefire-test-report-3.0.xsd" version="3.0" name="org.example.testRun.Run" time="146.855" tests="12" errors="0" skipped="0" failures="2">
  <properties>
[...]
</properties>
  <testcase name="runScenario" classname="org.example.testRun.Run" time="11.405"/>
  <testcase name="runScenario" classname="org.example.testRun.Run" time="8.285"/>
  <testcase name="runScenario" classname="org.example.testRun.Run" time="9.308"/>
  <testcase name="runScenario" classname="org.example.testRun.Run" time="30.193">
    <failure message="no such element: Unable to locate element: {&quot;method&quot;:&quot;css selector&quot;,&quot;selector&quot;:&quot;#BillingNewAddress_CountryId&quot;}&#10;  (Session info: MicrosoftEdge=108.0.1462.46)&#10;For documentation on this error, please visit: https://selenium.dev/exceptions/#no_such_element&#10;Build info: version: &apos;4.6.0&apos;, revision: &apos;79f1c02ae20&apos;&#10;System info: os.name: &apos;Windows 10&apos;, os.arch: &apos;amd64&apos;, os.version: &apos;10.0&apos;, java.version: &apos;1.8.0_351&apos;&#10;Driver info: org.openqa.selenium.edge.EdgeDriver&#10;Command: [ae998a53aed884fc26eabd7a3f18bc98, findElement {using=id, value=BillingNewAddress_CountryId}]&#10;Capabilities {acceptInsecureCerts: false, browserName: msedge, browserVersion: 108.0.1462.46, ms:edgeOptions: {debuggerAddress: localhost:59218}, msedge: {msedgedriverVersion: 108.0.1462.46 (d29728ee6817..., userDataDir: C:\Users\andre\AppData\Loca...}, networkConnectionEnabled: false, pageLoadStrategy: normal, platformName: WINDOWS, proxy: Proxy(), se:cdp: ws://localhost:59218/devtoo..., se:cdpVersion: 108.0.1462.46, setWindowRect: true, strictFileInteractability: false, timeouts: {implicit: 0, pageLoad: 300000, script: 30000}, unhandledPromptBehavior: dismiss and notify, webauthn:extension:credBlob: true, webauthn:extension:largeBlob: true, webauthn:virtualAuthenticators: true}&#10;Session ID: ae998a53aed884fc26eabd7a3f18bc98" type="org.openqa.selenium.NoSuchElementException"><![CDATA[org.openqa.selenium.NoSuchElementException: 
no such element: Unable to locate element: {"method":"css selector","selector":"#BillingNewAddress_CountryId"}
  (Session info: MicrosoftEdge=108.0.1462.46)
For documentation on this error, please visit: https://selenium.dev/exceptions/#no_such_element
Build info: version: '4.6.0', revision: '79f1c02ae20'
System info: os.name: 'Windows 10', os.arch: 'amd64', os.version: '10.0', java.version: '1.8.0_351'
Driver info: org.openqa.selenium.edge.EdgeDriver
Command: [ae998a53aed884fc26eabd7a3f18bc98, findElement {using=id, value=BillingNewAddress_CountryId}]
Capabilities {acceptInsecureCerts: false, browserName: msedge, browserVersion: 108.0.1462.46, ms:edgeOptions: {debuggerAddress: localhost:59218}, msedge: {msedgedriverVersion: 108.0.1462.46 (d29728ee6817..., userDataDir: C:\Users\andre\AppData\Loca...}, networkConnectionEnabled: false, pageLoadStrategy: normal, platformName: WINDOWS, proxy: Proxy(), se:cdp: ws://localhost:59218/devtoo..., se:cdpVersion: 108.0.1462.46, setWindowRect: true, strictFileInteractability: false, timeouts: {implicit: 0, pageLoad: 300000, script: 30000}, unhandledPromptBehavior: dismiss and notify, webauthn:extension:credBlob: true, webauthn:extension:largeBlob: true, webauthn:virtualAuthenticators: true}
Session ID: ae998a53aed884fc26eabd7a3f18bc98
]]></failure>
    <system-out><![CDATA[
@smoke
Scenario: Logged user could add different products to Shopping cart &amp#27;[90m# src/main/resources/Features/Cart.feature:4&amp#27;[0m
  &amp#27;[32mGiven &amp#27;[0m&amp#27;[32muser go to login page&amp#27;[0m                                       &amp#27;[90m# org.example.dfs.Login.loginPage()&amp#27;[0m
  &amp#27;[32mWhen &amp#27;[0m&amp#27;[32muser enter an existing email&amp#27;[0m                                 &amp#27;[90m# org.example.dfs.Login.exEmail()&amp#27;[0m
  &amp#27;[32mAnd &amp#27;[0m&amp#27;[32muser enter an valid password&amp#27;[0m                                  &amp#27;[90m# org.example.dfs.Login.exPassword()&amp#27;[0m
  &amp#27;[32mAnd &amp#27;[0m&amp#27;[32muser clicks on login button&amp#27;[0m                                   &amp#27;[90m# org.example.dfs.Login.logButton()&amp#27;[0m
  &amp#27;[32mAnd &amp#27;[0m&amp#27;[32muser hover "Computers" category&amp#27;[0m                               &amp#27;[90m# org.example.dfs.Category.hover()&amp#27;[0m
  &amp#27;[32mAnd &amp#27;[0m&amp#27;[32muser click on sub-category&amp#27;[0m                                    &amp#27;[90m# org.example.dfs.Category.subCat()&amp#27;[0m
  &amp#27;[32mAnd &amp#27;[0m&amp#27;[32muser clicks on "Add To Cart" button2&amp#27;[0m                          &amp#27;[90m# org.example.dfs.Cart.addCartButn2()&amp#27;[0m
  &amp#27;[32mAnd &amp#27;[0m&amp#27;[32muser clicks on "Add To Cart" button1&amp#27;[0m                          &amp#27;[90m# org.example.dfs.Cart.addCartButn1()&amp#27;[0m
  &amp#27;[32mThen &amp#27;[0m&amp#27;[32madd to cart message is displayed&amp#27;[0m                             &amp#27;[90m# org.example.dfs.Cart.assertions()&amp#27;[0m

@smoke
Scenario: Logged user could select different Categories & Sub-categories &amp#27;[90m# src/main/resources/Features/Cats.feature:4&amp#27;[0m
  &amp#27;[32mGiven &amp#27;[0m&amp#27;[32muser go to login page&amp#27;[0m                                            &amp#27;[90m# org.example.dfs.Login.loginPage()&amp#27;[0m
  &amp#27;[32mWhen &amp#27;[0m&amp#27;[32muser enter an existing email&amp#27;[0m                                      &amp#27;[90m# org.example.dfs.Login.exEmail()&amp#27;[0m
  &amp#27;[32mAnd &amp#27;[0m&amp#27;[32muser enter an valid password&amp#27;[0m                                       &amp#27;[90m# org.example.dfs.Login.exPassword()&amp#27;[0m
  &amp#27;[32mAnd &amp#27;[0m&amp#27;[32muser clicks on login button&amp#27;[0m                                        &amp#27;[90m# org.example.dfs.Login.logButton()&amp#27;[0m
  &amp#27;[32mAnd &amp#27;[0m&amp#27;[32muser hover "Computers" category&amp#27;[0m                                    &amp#27;[90m# org.example.dfs.Category.hover()&amp#27;[0m
  &amp#27;[32mAnd &amp#27;[0m&amp#27;[32muser click on sub-category&amp#27;[0m                                         &amp#27;[90m# org.example.dfs.Category.subCat()&amp#27;[0m
  &amp#27;[32mThen &amp#27;[0m&amp#27;[32mpage of sub-category name shows up&amp#27;[0m                                &amp#27;[90m# org.example.dfs.Category.subNames()&amp#27;[0m

@smoke
Scenario: Logged user could add different products to compare list &amp#27;[90m# src/main/resources/Features/Compare.feature:4&amp#27;[0m
  &amp#27;[32mGiven &amp#27;[0m&amp#27;[32muser go to login page&amp#27;[0m                                      &amp#27;[90m# org.example.dfs.Login.loginPage()&amp#27;[0m
  &amp#27;[32mWhen &amp#27;[0m&amp#27;[32muser enter an existing email&amp#27;[0m                                &amp#27;[90m# org.example.dfs.Login.exEmail()&amp#27;[0m
  &amp#27;[32mAnd &amp#27;[0m&amp#27;[32muser enter an valid password&amp#27;[0m                                 &amp#27;[90m# org.example.dfs.Login.exPassword()&amp#27;[0m
  &amp#27;[32mAnd &amp#27;[0m&amp#27;[32muser clicks on login button&amp#27;[0m                                  &amp#27;[90m# org.example.dfs.Login.logButton()&amp#27;[0m
  &amp#27;[32mAnd &amp#27;[0m&amp#27;[32muser hover "Computers" category&amp#27;[0m                              &amp#27;[90m# org.example.dfs.Category.hover()&amp#27;[0m
  &amp#27;[32mAnd &amp#27;[0m&amp#27;[32muser click on sub-category&amp#27;[0m                                   &amp#27;[90m# org.example.dfs.Category.subCat()&amp#27;[0m
  &amp#27;[32mAnd &amp#27;[0m&amp#27;[32muser clicks on compare list 1&amp#27;[0m                                &amp#27;[90m# org.example.dfs.Compare.compareList1()&amp#27;[0m
  &amp#27;[32mAnd &amp#27;[0m&amp#27;[32muser clicks on compare list 2&amp#27;[0m                                &amp#27;[90m# org.example.dfs.Compare.compareList2()&amp#27;[0m
  &amp#27;[32mThen &amp#27;[0m&amp#27;[32mcompare message is displayed&amp#27;[0m                                &amp#27;[90m# org.example.dfs.Compare.copmareMsg()&amp#27;[0m

@smoke
Scenario: Create successful Order                     &amp#27;[90m# src/main/resources/Features/CreateOrder.feature:4&amp#27;[0m
  &amp#27;[32mGiven &amp#27;[0m&amp#27;[32muser go to login page&amp#27;[0m                         &amp#27;[90m# org.example.dfs.Login.loginPage()&amp#27;[0m
  &amp#27;[32mWhen &amp#27;[0m&amp#27;[32muser enter an existing email&amp#27;[0m                   &amp#27;[90m# org.example.dfs.Login.exEmail()&amp#27;[0m
  &amp#27;[32mAnd &amp#27;[0m&amp#27;[32muser enter an valid password&amp#27;[0m                    &amp#27;[90m# org.example.dfs.Login.exPassword()&amp#27;[0m
  &amp#27;[32mAnd &amp#27;[0m&amp#27;[32muser clicks on login button&amp#27;[0m                     &amp#27;[90m# org.example.dfs.Login.logButton()&amp#27;[0m
  &amp#27;[32mAnd &amp#27;[0m&amp#27;[32muser hover "Computers" category&amp#27;[0m                 &amp#27;[90m# org.example.dfs.Category.hover()&amp#27;[0m
  &amp#27;[32mAnd &amp#27;[0m&amp#27;[32muser click on sub-category&amp#27;[0m                      &amp#27;[90m# org.example.dfs.Category.subCat()&amp#27;[0m
  &amp#27;[32mAnd &amp#27;[0m&amp#27;[32muser clicks on "Add To Cart" button2&amp#27;[0m            &amp#27;[90m# org.example.dfs.Cart.addCartButn2()&amp#27;[0m
  &amp#27;[32mAnd &amp#27;[0m&amp#27;[32muser clicks on "Add To Cart" button1&amp#27;[0m            &amp#27;[90m# org.example.dfs.Cart.addCartButn1()&amp#27;[0m
  &amp#27;[32mAnd &amp#27;[0m&amp#27;[32muser hover "Shopping cart"&amp#27;[0m                      &amp#27;[90m# org.example.dfs.CreateOrder.hover()&amp#27;[0m
  &amp#27;[32mAnd &amp#27;[0m&amp#27;[32muser clicks on "Go To Cart" button&amp#27;[0m              &amp#27;[90m# org.example.dfs.CreateOrder.goToCartButton()&amp#27;[0m
  &amp#27;[32mAnd &amp#27;[0m&amp#27;[32muser check to agree the terms of service&amp#27;[0m        &amp#27;[90m# org.example.dfs.CreateOrder.checkAgree()&amp#27;[0m
  &amp#27;[32mAnd &amp#27;[0m&amp#27;[32muser clicks on "Checkout" button&amp#27;[0m                &amp#27;[90m# org.example.dfs.CreateOrder.checkButton()&amp#27;[0m
  &amp#27;[31mAnd &amp#27;[0m&amp#27;[31muser select the country&amp#27;[0m                         &amp#27;[90m# org.example.dfs.CreateOrder.slctCountry()&amp#27;[0m
      &amp#27;[31morg.openqa.selenium.NoSuchElementException: no such element: Unable to locate element: {"method":"css selector","selector":"#BillingNewAddress_CountryId"}
  (Session info: MicrosoftEdge=108.0.1462.46)
For documentation on this error, please visit: https://selenium.dev/exceptions/#no_such_element
Build info: version: '4.6.0', revision: '79f1c02ae20'
System info: os.name: 'Windows 10', os.arch: 'amd64', os.version: '10.0', java.version: '1.8.0_351'
Driver info: org.openqa.selenium.edge.EdgeDriver
Command: [ae998a53aed884fc26eabd7a3f18bc98, findElement {using=id, value=BillingNewAddress_CountryId}]
Capabilities {acceptInsecureCerts: false, browserName: msedge, browserVersion: 108.0.1462.46, ms:edgeOptions: {debuggerAddress: localhost:59218}, msedge: {msedgedriverVersion: 108.0.1462.46 (d29728ee6817..., userDataDir: C:\Users\andre\AppData\Loca...}, networkConnectionEnabled: false, pageLoadStrategy: normal, platformName: WINDOWS, proxy: Proxy(), se:cdp: ws://localhost:59218/devtoo..., se:cdpVersion: 108.0.1462.46, setWindowRect: true, strictFileInteractability: false, timeouts: {implicit: 0, pageLoad: 300000, script: 30000}, unhandledPromptBehavior: dismiss and notify, webauthn:extension:credBlob: true, webauthn:extension:largeBlob: true, webauthn:virtualAuthenticators: true}
Session ID: ae998a53aed884fc26eabd7a3f18bc98
	at sun.reflect.NativeConstructorAccessorImpl.newInstance0(Native Method)
	at sun.reflect.NativeConstructorAccessorImpl.newInstance(NativeConstructorAccessorImpl.java:62)
	at sun.reflect.DelegatingConstructorAccessorImpl.newInstance(DelegatingConstructorAccessorImpl.java:45)
	at java.lang.reflect.Constructor.newInstance(Constructor.java:423)
	at org.openqa.selenium.remote.codec.w3c.W3CHttpResponseCodec.createException(W3CHttpResponseCodec.java:200)
	at org.openqa.selenium.remote.codec.w3c.W3CHttpResponseCodec.decode(W3CHttpResponseCodec.java:133)
	at org.openqa.selenium.remote.codec.w3c.W3CHttpResponseCodec.decode(W3CHttpResponseCodec.java:53)
	at org.openqa.selenium.remote.HttpCommandExecutor.execute(HttpCommandExecutor.java:184)
	at org.openqa.selenium.remote.service.DriverCommandExecutor.invokeExecute(DriverCommandExecutor.java:167)
	at org.openqa.selenium.remote.service.DriverCommandExecutor.execute(DriverCommandExecutor.java:142)
	at org.openqa.selenium.remote.RemoteWebDriver.execute(RemoteWebDriver.java:541)
	at org.openqa.selenium.remote.ElementLocation$ElementFinder$2.findElement(ElementLocation.java:162)
	at org.openqa.selenium.remote.ElementLocation.findElement(ElementLocation.java:60)
	at org.openqa.selenium.remote.RemoteWebDriver.findElement(RemoteWebDriver.java:365)
	at org.openqa.selenium.remote.RemoteWebDriver.findElement(RemoteWebDriver.java:357)
	at org.example.pages.LocatorCreateOrder.country(L]]></system-out>
    <system-err><![CDATA[Starting Microsoft Edge WebDriver 108.0.1462.46 (d29728ee681767b8b70995c207c659e2b46c2e92) on port 47922
To submit feedback, report a bug, or suggest new features, please visit https://github.com/MicrosoftEdge/EdgeWebDriver

Only local connections are allowed.
Please see https://aka.ms/WebDriverSecurity for suggestions on keeping Microsoft Edge WebDriver safe.

Microsoft Edge WebDriver was started successfully.
Dec 15, 2022 1:45:09 AM org.openqa.selenium.devtools.CdpVersionFinder findNearestMatch
WARNING: Unable to find an exact match for CDP version 108, so returning the closest version found: 107
]]></system-err>
  </testcase>
  <testcase name="runScenario" classname="org.example.testRun.Run" time="12.77"/>
  <testcase name="runScenario" classname="org.example.testRun.Run" time="18.282">
    <failure message="no such element: Unable to locate element: {&quot;method&quot;:&quot;css selector&quot;,&quot;selector&quot;:&quot;.ico\-logout&quot;}&#10;  (Session info: MicrosoftEdge=108.0.1462.46)&#10;For documentation on this error, please visit: https://selenium.dev/exceptions/#no_such_element&#10;Build info: version: &apos;4.6.0&apos;, revision: &apos;79f1c02ae20&apos;&#10;System info: os.name: &apos;Windows 10&apos;, os.arch: &apos;amd64&apos;, os.version: &apos;10.0&apos;, java.version: &apos;1.8.0_351&apos;&#10;Driver info: org.openqa.selenium.edge.EdgeDriver&#10;Command: [af3e3cb2ef491a72f76f09465030d8a1, findElement {using=class name, value=ico-logout}]&#10;Capabilities {acceptInsecureCerts: false, browserName: msedge, browserVersion: 108.0.1462.46, ms:edgeOptions: {debuggerAddress: localhost:59341}, msedge: {msedgedriverVersion: 108.0.1462.46 (d29728ee6817..., userDataDir: C:\Users\andre\AppData\Loca...}, networkConnectionEnabled: false, pageLoadStrategy: normal, platformName: WINDOWS, proxy: Proxy(), se:cdp: ws://localhost:59341/devtoo..., se:cdpVersion: 108.0.1462.46, setWindowRect: true, strictFileInteractability: false, timeouts: {implicit: 0, pageLoad: 300000, script: 30000}, unhandledPromptBehavior: dismiss and notify, webauthn:extension:credBlob: true, webauthn:extension:largeBlob: true, webauthn:virtualAuthenticators: true}&#10;Session ID: af3e3cb2ef491a72f76f09465030d8a1" type="org.openqa.selenium.NoSuchElementException"><![CDATA[org.openqa.selenium.NoSuchElementException: 
no such element: Unable to locate element: {"method":"css selector","selector":".ico\-logout"}
  (Session info: MicrosoftEdge=108.0.1462.46)
For documentation on this error, please visit: https://selenium.dev/exceptions/#no_such_element
Build info: version: '4.6.0', revision: '79f1c02ae20'
System info: os.name: 'Windows 10', os.arch: 'amd64', os.version: '10.0', java.version: '1.8.0_351'
Driver info: org.openqa.selenium.edge.EdgeDriver
Command: [af3e3cb2ef491a72f76f09465030d8a1, findElement {using=class name, value=ico-logout}]
Capabilities {acceptInsecureCerts: false, browserName: msedge, browserVersion: 108.0.1462.46, ms:edgeOptions: {debuggerAddress: localhost:59341}, msedge: {msedgedriverVersion: 108.0.1462.46 (d29728ee6817..., userDataDir: C:\Users\andre\AppData\Loca...}, networkConnectionEnabled: false, pageLoadStrategy: normal, platformName: WINDOWS, proxy: Proxy(), se:cdp: ws://localhost:59341/devtoo..., se:cdpVersion: 108.0.1462.46, setWindowRect: true, strictFileInteractability: false, timeouts: {implicit: 0, pageLoad: 300000, script: 30000}, unhandledPromptBehavior: dismiss and notify, webauthn:extension:credBlob: true, webauthn:extension:largeBlob: true, webauthn:virtualAuthenticators: true}
Session ID: af3e3cb2ef491a72f76f09465030d8a1
]]></failure>
    <system-err><![CDATA[Starting Microsoft Edge WebDriver 108.0.1462.46 (d29728ee681767b8b70995c207c659e2b46c2e92) on port 2953
To submit feedback, report a bug, or suggest new features, please visit https://github.com/MicrosoftEdge/EdgeWebDriver

Only local connections are allowed.
Please see https://aka.ms/WebDriverSecurity for suggestions on keeping Microsoft Edge WebDriver safe.

Microsoft Edge WebDriver was started successfully.
Dec 15, 2022 1:45:52 AM org.openqa.selenium.devtools.CdpVersionFinder findNearestMatch
WARNING: Unable to find an exact match for CDP version 108, so returning the closest version found: 107
]]></system-err>
  </testcase>
  <testcase name="runScenario" classname="org.example.testRun.Run" time="8.062"/>
  <testcase name="runScenario" classname="org.example.testRun.Run" time="9.389"/>
  <testcase name="runScenario" classname="org.example.testRun.Run" time="8.604"/>
  <testcase name="runScenario" classname="org.example.testRun.Run" time="8.175"/>
  <testcase name="runScenario" classname="org.example.testRun.Run" time="12.263"/>
  <testcase name="runScenario" classname="org.example.testRun.Run" time="9.154"/>
</testsuite>