<?xml version="1.0" encoding="UTF-8"?>
<testng-results skipped="0" failed="0" ignored="0" total="1" passed="1">
  <reporter-output>
  </reporter-output>
  <suite name="Surefire suite" duration-ms="10047" started-at="2022-12-11T01:29:25 EET" finished-at="2022-12-11T01:29:35 EET">
    <groups>
      <group name="cucumber">
        <method signature="AbstractTestNGCucumberTests.runScenario(io.cucumber.testng.PickleWrapper,io.cucumber.testng.FeatureWrapper)[pri:0, instance:org.example.testRun.Run@36b4cef0]" name="runScenario" class="io.cucumber.testng.AbstractTestNGCucumberTests"/>
      </group> <!-- cucumber -->
    </groups>
    <test name="Surefire test" duration-ms="10047" started-at="2022-12-11T01:29:25 EET" finished-at="2022-12-11T01:29:35 EET">
      <class name="org.example.testRun.Run">
        <test-method status="PASS" signature="setUpClass(org.testng.ITestContext)[pri:0, instance:org.example.testRun.Run@36b4cef0]" name="setUpClass" is-config="true" duration-ms="479" started-at="2022-12-11T01:29:25 EET" finished-at="2022-12-11T01:29:25 EET">
          <params>
            <param index="0">
              <value>
                <![CDATA[org.testng.TestRunner@6edcd0d8]]>
              </value>
            </param>
          </params>
          <reporter-output>
          </reporter-output>
        </test-method> <!-- setUpClass -->
        <test-method status="PASS" signature="runScenario(io.cucumber.testng.PickleWrapper,io.cucumber.testng.FeatureWrapper)[pri:0, instance:org.example.testRun.Run@36b4cef0]" name="runScenario" duration-ms="9448" started-at="2022-12-11T01:29:25 EET" description="Runs Cucumber Scenarios" data-provider="scenarios" finished-at="2022-12-11T01:29:35 EET">
          <params>
            <param index="0">
              <value>
                <![CDATA["guest user could register with valid data successfully"]]>
              </value>
            </param>
            <param index="1">
              <value>
                <![CDATA["Register | users could register with new accounts"]]>
              </value>
            </param>
          </params>
          <reporter-output>
          </reporter-output>
        </test-method> <!-- runScenario -->
        <test-method status="PASS" signature="tearDownClass()[pri:0, instance:org.example.testRun.Run@36b4cef0]" name="tearDownClass" is-config="true" duration-ms="92" started-at="2022-12-11T01:29:35 EET" finished-at="2022-12-11T01:29:35 EET">
          <reporter-output>
          </reporter-output>
        </test-method> <!-- tearDownClass -->
      </class> <!-- org.example.testRun.Run -->
    </test> <!-- Surefire test -->
  </suite> <!-- Surefire suite -->
</testng-results>
