<?xml version="1.0" encoding="UTF-8"?>
<testng-results skipped="0" failed="0" ignored="0" total="12" passed="12">
  <reporter-output>
  </reporter-output>
  <suite name="Surefire suite" duration-ms="125955" started-at="2022-12-15T02:47:05 EET" finished-at="2022-12-15T02:49:11 EET">
    <groups>
      <group name="cucumber">
        <method signature="AbstractTestNGCucumberTests.runScenario(io.cucumber.testng.PickleWrapper,io.cucumber.testng.FeatureWrapper)[pri:0, instance:org.example.testRun.Run@36b4cef0]" name="runScenario" class="io.cucumber.testng.AbstractTestNGCucumberTests"/>
      </group> <!-- cucumber -->
    </groups>
    <test name="Surefire test" duration-ms="125955" started-at="2022-12-15T02:47:05 EET" finished-at="2022-12-15T02:49:11 EET">
      <class name="org.example.testRun.Run">
        <test-method status="PASS" signature="setUpClass(org.testng.ITestContext)[pri:0, instance:org.example.testRun.Run@36b4cef0]" name="setUpClass" is-config="true" duration-ms="391" started-at="2022-12-15T02:47:05 EET" finished-at="2022-12-15T02:47:06 EET">
          <params>
            <param index="0">
              <value>
                <![CDATA[org.testng.TestRunner@36224f93]]>
              </value>
            </param>
          </params>
          <reporter-output>
          </reporter-output>
        </test-method> <!-- setUpClass -->
        <test-method status="PASS" signature="runScenario(io.cucumber.testng.PickleWrapper,io.cucumber.testng.FeatureWrapper)[pri:0, instance:org.example.testRun.Run@36b4cef0]" name="runScenario" duration-ms="9419" started-at="2022-12-15T02:47:06 EET" description="Runs Cucumber Scenarios" data-provider="scenarios" finished-at="2022-12-15T02:47:15 EET">
          <params>
            <param index="0">
              <value>
                <![CDATA["guest user could register with valid data successfully"]]>
              </value>
            </param>
            <param index="1">
              <value>
                <![CDATA["Register | users could register with new accounts"]]>
              </value>
            </param>
          </params>
          <reporter-output>
          </reporter-output>
        </test-method> <!-- runScenario -->
        <test-method status="PASS" signature="runScenario(io.cucumber.testng.PickleWrapper,io.cucumber.testng.FeatureWrapper)[pri:0, instance:org.example.testRun.Run@36b4cef0]" name="runScenario" duration-ms="9522" started-at="2022-12-15T02:47:15 EET" description="Runs Cucumber Scenarios" data-provider="scenarios" finished-at="2022-12-15T02:47:25 EET">
          <params>
            <param index="0">
              <value>
                <![CDATA["Logged user could add different products to Wishlist"]]>
              </value>
            </param>
            <param index="1">
              <value>
                <![CDATA["Wishlist | Logged user could add different products to Wishlist"]]>
              </value>
            </param>
          </params>
          <reporter-output>
          </reporter-output>
        </test-method> <!-- runScenario -->
        <test-method status="PASS" signature="runScenario(io.cucumber.testng.PickleWrapper,io.cucumber.testng.FeatureWrapper)[pri:0, instance:org.example.testRun.Run@36b4cef0]" name="runScenario" duration-ms="9606" started-at="2022-12-15T02:47:25 EET" description="Runs Cucumber Scenarios" data-provider="scenarios" finished-at="2022-12-15T02:47:34 EET">
          <params>
            <param index="0">
              <value>
                <![CDATA["Logged user could add different products to compare list"]]>
              </value>
            </param>
            <param index="1">
              <value>
                <![CDATA["Compare List | Logged user could add different products to compare list"]]>
              </value>
            </param>
          </params>
          <reporter-output>
          </reporter-output>
        </test-method> <!-- runScenario -->
        <test-method status="PASS" signature="runScenario(io.cucumber.testng.PickleWrapper,io.cucumber.testng.FeatureWrapper)[pri:0, instance:org.example.testRun.Run@36b4cef0]" name="runScenario" duration-ms="27330" started-at="2022-12-15T02:47:34 EET" description="Runs Cucumber Scenarios" data-provider="scenarios" finished-at="2022-12-15T02:48:01 EET">
          <params>
            <param index="0">
              <value>
                <![CDATA["Create successful Order"]]>
              </value>
            </param>
            <param index="1">
              <value>
                <![CDATA["Create Order | Create successful Order"]]>
              </value>
            </param>
          </params>
          <reporter-output>
          </reporter-output>
        </test-method> <!-- runScenario -->
        <test-method status="PASS" signature="runScenario(io.cucumber.testng.PickleWrapper,io.cucumber.testng.FeatureWrapper)[pri:0, instance:org.example.testRun.Run@36b4cef0]" name="runScenario" duration-ms="7409" started-at="2022-12-15T02:48:01 EET" description="Runs Cucumber Scenarios" data-provider="scenarios" finished-at="2022-12-15T02:48:09 EET">
          <params>
            <param index="0">
              <value>
                <![CDATA["User could log in with valid email and password successfully"]]>
              </value>
            </param>
            <param index="1">
              <value>
                <![CDATA["Login | User could log in with valid email and password"]]>
              </value>
            </param>
          </params>
          <reporter-output>
          </reporter-output>
        </test-method> <!-- runScenario -->
        <test-method status="PASS" signature="runScenario(io.cucumber.testng.PickleWrapper,io.cucumber.testng.FeatureWrapper)[pri:0, instance:org.example.testRun.Run@36b4cef0]" name="runScenario" duration-ms="8002" started-at="2022-12-15T02:48:09 EET" description="Runs Cucumber Scenarios" data-provider="scenarios" finished-at="2022-12-15T02:48:17 EET">
          <params>
            <param index="0">
              <value>
                <![CDATA["user could login with invalid email and password"]]>
              </value>
            </param>
            <param index="1">
              <value>
                <![CDATA["Login | User could log in with valid email and password"]]>
              </value>
            </param>
          </params>
          <reporter-output>
          </reporter-output>
        </test-method> <!-- runScenario -->
        <test-method status="PASS" signature="runScenario(io.cucumber.testng.PickleWrapper,io.cucumber.testng.FeatureWrapper)[pri:0, instance:org.example.testRun.Run@36b4cef0]" name="runScenario" duration-ms="7607" started-at="2022-12-15T02:48:17 EET" description="Runs Cucumber Scenarios" data-provider="scenarios" finished-at="2022-12-15T02:48:25 EET">
          <params>
            <param index="0">
              <value>
                <![CDATA["User could reset his/her password successfully"]]>
              </value>
            </param>
            <param index="1">
              <value>
                <![CDATA["Reset Password | User could reset his/her password successfully"]]>
              </value>
            </param>
          </params>
          <reporter-output>
          </reporter-output>
        </test-method> <!-- runScenario -->
        <test-method status="PASS" signature="runScenario(io.cucumber.testng.PickleWrapper,io.cucumber.testng.FeatureWrapper)[pri:0, instance:org.example.testRun.Run@36b4cef0]" name="runScenario" duration-ms="7969" started-at="2022-12-15T02:48:25 EET" description="Runs Cucumber Scenarios" data-provider="scenarios" finished-at="2022-12-15T02:48:32 EET">
          <params>
            <param index="0">
              <value>
                <![CDATA["Logged User could search for any product"]]>
              </value>
            </param>
            <param index="1">
              <value>
                <![CDATA["Search | Logged User could search for any product"]]>
              </value>
            </param>
          </params>
          <reporter-output>
          </reporter-output>
        </test-method> <!-- runScenario -->
        <test-method status="PASS" signature="runScenario(io.cucumber.testng.PickleWrapper,io.cucumber.testng.FeatureWrapper)[pri:0, instance:org.example.testRun.Run@36b4cef0]" name="runScenario" duration-ms="8514" started-at="2022-12-15T02:48:32 EET" description="Runs Cucumber Scenarios" data-provider="scenarios" finished-at="2022-12-15T02:48:41 EET">
          <params>
            <param index="0">
              <value>
                <![CDATA["Logged user could select different Categories & Sub-categories"]]>
              </value>
            </param>
            <param index="1">
              <value>
                <![CDATA["Categories | Logged user could select different Categories"]]>
              </value>
            </param>
          </params>
          <reporter-output>
          </reporter-output>
        </test-method> <!-- runScenario -->
        <test-method status="PASS" signature="runScenario(io.cucumber.testng.PickleWrapper,io.cucumber.testng.FeatureWrapper)[pri:0, instance:org.example.testRun.Run@36b4cef0]" name="runScenario" duration-ms="9494" started-at="2022-12-15T02:48:41 EET" description="Runs Cucumber Scenarios" data-provider="scenarios" finished-at="2022-12-15T02:48:50 EET">
          <params>
            <param index="0">
              <value>
                <![CDATA["Logged user could filter with color"]]>
              </value>
            </param>
            <param index="1">
              <value>
                <![CDATA["Filter | Logged user could filter with color"]]>
              </value>
            </param>
          </params>
          <reporter-output>
          </reporter-output>
        </test-method> <!-- runScenario -->
        <test-method status="PASS" signature="runScenario(io.cucumber.testng.PickleWrapper,io.cucumber.testng.FeatureWrapper)[pri:0, instance:org.example.testRun.Run@36b4cef0]" name="runScenario" duration-ms="11532" started-at="2022-12-15T02:48:50 EET" description="Runs Cucumber Scenarios" data-provider="scenarios" finished-at="2022-12-15T02:49:02 EET">
          <params>
            <param index="0">
              <value>
                <![CDATA["Logged user could select different tags"]]>
              </value>
            </param>
            <param index="1">
              <value>
                <![CDATA["Tags | Logged user could select different tags"]]>
              </value>
            </param>
          </params>
          <reporter-output>
          </reporter-output>
        </test-method> <!-- runScenario -->
        <test-method status="PASS" signature="runScenario(io.cucumber.testng.PickleWrapper,io.cucumber.testng.FeatureWrapper)[pri:0, instance:org.example.testRun.Run@36b4cef0]" name="runScenario" duration-ms="8997" started-at="2022-12-15T02:49:02 EET" description="Runs Cucumber Scenarios" data-provider="scenarios" finished-at="2022-12-15T02:49:11 EET">
          <params>
            <param index="0">
              <value>
                <![CDATA["Logged user could add different products to Shopping cart"]]>
              </value>
            </param>
            <param index="1">
              <value>
                <![CDATA["Shopping Cart | Logged user could add different products to Shopping cart"]]>
              </value>
            </param>
          </params>
          <reporter-output>
          </reporter-output>
        </test-method> <!-- runScenario -->
        <test-method status="PASS" signature="tearDownClass()[pri:0, instance:org.example.testRun.Run@36b4cef0]" name="tearDownClass" is-config="true" duration-ms="137" started-at="2022-12-15T02:49:11 EET" finished-at="2022-12-15T02:49:11 EET">
          <reporter-output>
          </reporter-output>
        </test-method> <!-- tearDownClass -->
      </class> <!-- org.example.testRun.Run -->
    </test> <!-- Surefire test -->
  </suite> <!-- Surefire suite -->
</testng-results>
